<?xml version="1.0" encoding="UTF-8"?>
<!-- Generated by org.testng.reporters.JUnitXMLReporter -->
<testsuite ignored="0" hostname="LAPTOP-VNBA3OG5" failures="0" tests="5" name="Test" time="9.753" errors="0" timestamp="2021-09-26T22:06:04 CDT">
  <testcase classname="_PepperFry.PepperFry.SortElements" name="checkTitle" time="0.03"/>
  <testcase classname="_PepperFry.PepperFry.SortElements" name="checkelemetsdisplayed" time="2.148"/>
  <testcase classname="_PepperFry.PepperFry.SortElements" name="getelements" time="1.209"/>
  <testcase classname="_PepperFry.PepperFry.SortElements" name="sortInAscendingOrder" time="0.003"/>
  <testcase classname="_PepperFry.PepperFry.SortElements" name="sortInDescendingOrder" time="0.003"/>
</testsuite> <!-- Test -->
