<?xml version="1.0" encoding="UTF-8"?>
<testng-results ignored="0" total="5" passed="5" failed="0" skipped="0">
  <reporter-output>
    <line>
      <![CDATA[Abtract Wall Mirror In Golden Colour]]>
    </line>
    <line>
      <![CDATA[Avian Solid Wood Dresser With Mirror In Provincial Teak Finish]]>
    </line>
    <line>
      <![CDATA[Brown Synthetic Wood Spain Rectangle Shaped Mirror]]>
    </line>
    <line>
      <![CDATA[Engineeered Wood Rectangle Wall Mirror In Blue Colour]]>
    </line>
    <line>
      <![CDATA[Engineered Wood Full Length Mirror In Blue Colour]]>
    </line>
    <line>
      <![CDATA[Engineered Wood Oval Wall Mirror In Brown Colour]]>
    </line>
    <line>
      <![CDATA[Engineered Wood Oval Wall Mirror In Gold Colour]]>
    </line>
    <line>
      <![CDATA[Engineered Wood Round Wall Mirror In Brown Colour]]>
    </line>
    <line>
      <![CDATA[Engineered Wood Round Wall Mirror In Orange Colour]]>
    </line>
    <line>
      <![CDATA[Engineered Wood Round Wall Mirror In Silver Colour]]>
    </line>
    <line>
      <![CDATA[Framed Full Length Mirror In Black Colour]]>
    </line>
    <line>
      <![CDATA[Garnet Dresser In Wenge Colour]]>
    </line>
    <line>
      <![CDATA[Glass Full Length Mirror In Transparent Colour]]>
    </line>
    <line>
      <![CDATA[Glass Full Length Mirror In Transparent Colour]]>
    </line>
    <line>
      <![CDATA[Glass Oval Wall Mirror In Silver Colour]]>
    </line>
    <line>
      <![CDATA[Glass Oval Wall Mirror In Silver Colour]]>
    </line>
    <line>
      <![CDATA[Glass Oval Wall Mirror In Transparent Colour]]>
    </line>
    <line>
      <![CDATA[Glass Rectangle Wall Mirror In Transparent Colour]]>
    </line>
    <line>
      <![CDATA[Glass Round Wall Mirror In Transparent Colour]]>
    </line>
    <line>
      <![CDATA[MDF Rectangle Wall Mirror In Transparent Colour]]>
    </line>
    <line>
      <![CDATA[MDF Wall Mirror In Brown ByTimberly]]>
    </line>
    <line>
      <![CDATA[Mango Wood Rectangle Wall Mirror In Brown Colour]]>
    </line>
    <line>
      <![CDATA[Mango Wood Rectangle Wall Mirror In Olive Green]]>
    </line>
    <line>
      <![CDATA[Mango Wood Round Wall Mirror In White Colour]]>
    </line>
    <line>
      <![CDATA[Marble Finish Decorative Mirror In Beige Colour]]>
    </line>
    <line>
      <![CDATA[Marble Finish Decorative Mirror In White Colour]]>
    </line>
    <line>
      <![CDATA[Marble Wall Mirror In Red Colour]]>
    </line>
    <line>
      <![CDATA[Metal Antique Round Wall Mirror In Yellow]]>
    </line>
    <line>
      <![CDATA[Metal Round Wall Mirror In Multi Colour]]>
    </line>
    <line>
      <![CDATA[Rectangle Framed Mirror In Black Colour (24x18)]]>
    </line>
    <line>
      <![CDATA[Rectangle Full Length Mirror ( 60 X 18 ) In Brown Colour]]>
    </line>
    <line>
      <![CDATA[Rectangle Full Length Mirror ( 60 X 18 ) In Brown Colour]]>
    </line>
    <line>
      <![CDATA[Round Bevelled Mirror Frameless (24inch Dia)]]>
    </line>
    <line>
      <![CDATA[Round Led Mirror With White Light In Silver Colour (24x24)]]>
    </line>
    <line>
      <![CDATA[Set Of 3 Square Shape Mirror In Brown Colour]]>
    </line>
    <line>
      <![CDATA[Set Of 3 Square Shape Mirror In Brown Colour]]>
    </line>
    <line>
      <![CDATA[Sheesham Wood Full Length Mirror In Brown Colour]]>
    </line>
    <line>
      <![CDATA[Sheesham Wood Full Length Mirror In Brown Colour]]>
    </line>
    <line>
      <![CDATA[Silver Plastic Mughal Rectangle Shaped Mirror]]>
    </line>
    <line>
      <![CDATA[Simple Round Mirror Frameless (24inch Dia)]]>
    </line>
    <line>
      <![CDATA[Solid Wood Full Length Mirror In Brown Colour]]>
    </line>
    <line>
      <![CDATA[Synthetic Wood Full Length Mirror In Blue Colour]]>
    </line>
    <line>
      <![CDATA[Synthetic Wood Rectangle Wall Mirror In Brown Colour]]>
    </line>
    <line>
      <![CDATA[Synthetic Wood Rectangle Wall Mirror In White Colour]]>
    </line>
    <line>
      <![CDATA[Synthetic Wood Round Wall Mirror In Brown Colour]]>
    </line>
    <line>
      <![CDATA[Synthetic Wood Round Wall Mirror In Silver Colour]]>
    </line>
    <line>
      <![CDATA[Wooden Round Wall Mirror In Red Colour]]>
    </line>
    <line>
      <![CDATA[Wooden Round Wall Mirror In Red Colour]]>
    </line>
    <line>
      <![CDATA[Synthetic Wood Round Wall Mirror In Silver Colour]]>
    </line>
    <line>
      <![CDATA[Synthetic Wood Round Wall Mirror In Brown Colour]]>
    </line>
    <line>
      <![CDATA[Synthetic Wood Rectangle Wall Mirror In White Colour]]>
    </line>
    <line>
      <![CDATA[Synthetic Wood Rectangle Wall Mirror In Brown Colour]]>
    </line>
    <line>
      <![CDATA[Synthetic Wood Full Length Mirror In Blue Colour]]>
    </line>
    <line>
      <![CDATA[Solid Wood Full Length Mirror In Brown Colour]]>
    </line>
    <line>
      <![CDATA[Simple Round Mirror Frameless (24inch Dia)]]>
    </line>
    <line>
      <![CDATA[Silver Plastic Mughal Rectangle Shaped Mirror]]>
    </line>
    <line>
      <![CDATA[Sheesham Wood Full Length Mirror In Brown Colour]]>
    </line>
    <line>
      <![CDATA[Sheesham Wood Full Length Mirror In Brown Colour]]>
    </line>
    <line>
      <![CDATA[Set Of 3 Square Shape Mirror In Brown Colour]]>
    </line>
    <line>
      <![CDATA[Set Of 3 Square Shape Mirror In Brown Colour]]>
    </line>
    <line>
      <![CDATA[Round Led Mirror With White Light In Silver Colour (24x24)]]>
    </line>
    <line>
      <![CDATA[Round Bevelled Mirror Frameless (24inch Dia)]]>
    </line>
    <line>
      <![CDATA[Rectangle Full Length Mirror ( 60 X 18 ) In Brown Colour]]>
    </line>
    <line>
      <![CDATA[Rectangle Full Length Mirror ( 60 X 18 ) In Brown Colour]]>
    </line>
    <line>
      <![CDATA[Rectangle Framed Mirror In Black Colour (24x18)]]>
    </line>
    <line>
      <![CDATA[Metal Round Wall Mirror In Multi Colour]]>
    </line>
    <line>
      <![CDATA[Metal Antique Round Wall Mirror In Yellow]]>
    </line>
    <line>
      <![CDATA[Marble Wall Mirror In Red Colour]]>
    </line>
    <line>
      <![CDATA[Marble Finish Decorative Mirror In White Colour]]>
    </line>
    <line>
      <![CDATA[Marble Finish Decorative Mirror In Beige Colour]]>
    </line>
    <line>
      <![CDATA[Mango Wood Round Wall Mirror In White Colour]]>
    </line>
    <line>
      <![CDATA[Mango Wood Rectangle Wall Mirror In Olive Green]]>
    </line>
    <line>
      <![CDATA[Mango Wood Rectangle Wall Mirror In Brown Colour]]>
    </line>
    <line>
      <![CDATA[MDF Wall Mirror In Brown ByTimberly]]>
    </line>
    <line>
      <![CDATA[MDF Rectangle Wall Mirror In Transparent Colour]]>
    </line>
    <line>
      <![CDATA[Glass Round Wall Mirror In Transparent Colour]]>
    </line>
    <line>
      <![CDATA[Glass Rectangle Wall Mirror In Transparent Colour]]>
    </line>
    <line>
      <![CDATA[Glass Oval Wall Mirror In Transparent Colour]]>
    </line>
    <line>
      <![CDATA[Glass Oval Wall Mirror In Silver Colour]]>
    </line>
    <line>
      <![CDATA[Glass Oval Wall Mirror In Silver Colour]]>
    </line>
    <line>
      <![CDATA[Glass Full Length Mirror In Transparent Colour]]>
    </line>
    <line>
      <![CDATA[Glass Full Length Mirror In Transparent Colour]]>
    </line>
    <line>
      <![CDATA[Garnet Dresser In Wenge Colour]]>
    </line>
    <line>
      <![CDATA[Framed Full Length Mirror In Black Colour]]>
    </line>
    <line>
      <![CDATA[Engineered Wood Round Wall Mirror In Silver Colour]]>
    </line>
    <line>
      <![CDATA[Engineered Wood Round Wall Mirror In Orange Colour]]>
    </line>
    <line>
      <![CDATA[Engineered Wood Round Wall Mirror In Brown Colour]]>
    </line>
    <line>
      <![CDATA[Engineered Wood Oval Wall Mirror In Gold Colour]]>
    </line>
    <line>
      <![CDATA[Engineered Wood Oval Wall Mirror In Brown Colour]]>
    </line>
    <line>
      <![CDATA[Engineered Wood Full Length Mirror In Blue Colour]]>
    </line>
    <line>
      <![CDATA[Engineeered Wood Rectangle Wall Mirror In Blue Colour]]>
    </line>
    <line>
      <![CDATA[Brown Synthetic Wood Spain Rectangle Shaped Mirror]]>
    </line>
    <line>
      <![CDATA[Avian Solid Wood Dresser With Mirror In Provincial Teak Finish]]>
    </line>
    <line>
      <![CDATA[Abtract Wall Mirror In Golden Colour]]>
    </line>
  </reporter-output>
  <suite started-at="2021-09-26T22:05:54 CDT" name="Suite" finished-at="2021-09-26T22:06:04 CDT" duration-ms="9753">
    <groups>
    </groups>
    <test started-at="2021-09-26T22:05:54 CDT" name="Test" finished-at="2021-09-26T22:06:04 CDT" duration-ms="9753">
      <class name="_PepperFry.PepperFry.SortElements">
        <test-method is-config="true" signature="init(java.lang.String)[pri:0, instance:_PepperFry.PepperFry.SortElements@1700915]" started-at="2021-09-26T22:05:54 CDT" name="init" finished-at="2021-09-26T22:06:01 CDT" duration-ms="6297" status="PASS">
          <params>
            <param index="0">
              <value>
                <![CDATA[https://www.pepperfry.com/]]>
              </value>
            </param>
          </params>
          <reporter-output>
          </reporter-output>
        </test-method> <!-- init -->
        <test-method signature="checkTitle()[pri:0, instance:_PepperFry.PepperFry.SortElements@1700915]" started-at="2021-09-26T22:06:01 CDT" name="checkTitle" finished-at="2021-09-26T22:06:01 CDT" duration-ms="30" status="PASS">
          <reporter-output>
          </reporter-output>
        </test-method> <!-- checkTitle -->
        <test-method signature="checkelemetsdisplayed(java.lang.String)[pri:0, instance:_PepperFry.PepperFry.SortElements@1700915]" started-at="2021-09-26T22:06:01 CDT" name="checkelemetsdisplayed" finished-at="2021-09-26T22:06:03 CDT" duration-ms="2148" status="PASS">
          <params>
            <param index="0">
              <value>
                <![CDATA[mirror]]>
              </value>
            </param>
          </params>
          <reporter-output>
          </reporter-output>
        </test-method> <!-- checkelemetsdisplayed -->
        <test-method signature="getelements()[pri:0, instance:_PepperFry.PepperFry.SortElements@1700915]" started-at="2021-09-26T22:06:03 CDT" name="getelements" finished-at="2021-09-26T22:06:04 CDT" duration-ms="1209" status="PASS">
          <reporter-output>
          </reporter-output>
        </test-method> <!-- getelements -->
        <test-method signature="sortInAscendingOrder()[pri:0, instance:_PepperFry.PepperFry.SortElements@1700915]" started-at="2021-09-26T22:06:04 CDT" name="sortInAscendingOrder" finished-at="2021-09-26T22:06:04 CDT" duration-ms="3" status="PASS">
          <reporter-output>
            <line>
              <![CDATA[Abtract Wall Mirror In Golden Colour]]>
            </line>
            <line>
              <![CDATA[Avian Solid Wood Dresser With Mirror In Provincial Teak Finish]]>
            </line>
            <line>
              <![CDATA[Brown Synthetic Wood Spain Rectangle Shaped Mirror]]>
            </line>
            <line>
              <![CDATA[Engineeered Wood Rectangle Wall Mirror In Blue Colour]]>
            </line>
            <line>
              <![CDATA[Engineered Wood Full Length Mirror In Blue Colour]]>
            </line>
            <line>
              <![CDATA[Engineered Wood Oval Wall Mirror In Brown Colour]]>
            </line>
            <line>
              <![CDATA[Engineered Wood Oval Wall Mirror In Gold Colour]]>
            </line>
            <line>
              <![CDATA[Engineered Wood Round Wall Mirror In Brown Colour]]>
            </line>
            <line>
              <![CDATA[Engineered Wood Round Wall Mirror In Orange Colour]]>
            </line>
            <line>
              <![CDATA[Engineered Wood Round Wall Mirror In Silver Colour]]>
            </line>
            <line>
              <![CDATA[Framed Full Length Mirror In Black Colour]]>
            </line>
            <line>
              <![CDATA[Garnet Dresser In Wenge Colour]]>
            </line>
            <line>
              <![CDATA[Glass Full Length Mirror In Transparent Colour]]>
            </line>
            <line>
              <![CDATA[Glass Full Length Mirror In Transparent Colour]]>
            </line>
            <line>
              <![CDATA[Glass Oval Wall Mirror In Silver Colour]]>
            </line>
            <line>
              <![CDATA[Glass Oval Wall Mirror In Silver Colour]]>
            </line>
            <line>
              <![CDATA[Glass Oval Wall Mirror In Transparent Colour]]>
            </line>
            <line>
              <![CDATA[Glass Rectangle Wall Mirror In Transparent Colour]]>
            </line>
            <line>
              <![CDATA[Glass Round Wall Mirror In Transparent Colour]]>
            </line>
            <line>
              <![CDATA[MDF Rectangle Wall Mirror In Transparent Colour]]>
            </line>
            <line>
              <![CDATA[MDF Wall Mirror In Brown ByTimberly]]>
            </line>
            <line>
              <![CDATA[Mango Wood Rectangle Wall Mirror In Brown Colour]]>
            </line>
            <line>
              <![CDATA[Mango Wood Rectangle Wall Mirror In Olive Green]]>
            </line>
            <line>
              <![CDATA[Mango Wood Round Wall Mirror In White Colour]]>
            </line>
            <line>
              <![CDATA[Marble Finish Decorative Mirror In Beige Colour]]>
            </line>
            <line>
              <![CDATA[Marble Finish Decorative Mirror In White Colour]]>
            </line>
            <line>
              <![CDATA[Marble Wall Mirror In Red Colour]]>
            </line>
            <line>
              <![CDATA[Metal Antique Round Wall Mirror In Yellow]]>
            </line>
            <line>
              <![CDATA[Metal Round Wall Mirror In Multi Colour]]>
            </line>
            <line>
              <![CDATA[Rectangle Framed Mirror In Black Colour (24x18)]]>
            </line>
            <line>
              <![CDATA[Rectangle Full Length Mirror ( 60 X 18 ) In Brown Colour]]>
            </line>
            <line>
              <![CDATA[Rectangle Full Length Mirror ( 60 X 18 ) In Brown Colour]]>
            </line>
            <line>
              <![CDATA[Round Bevelled Mirror Frameless (24inch Dia)]]>
            </line>
            <line>
              <![CDATA[Round Led Mirror With White Light In Silver Colour (24x24)]]>
            </line>
            <line>
              <![CDATA[Set Of 3 Square Shape Mirror In Brown Colour]]>
            </line>
            <line>
              <![CDATA[Set Of 3 Square Shape Mirror In Brown Colour]]>
            </line>
            <line>
              <![CDATA[Sheesham Wood Full Length Mirror In Brown Colour]]>
            </line>
            <line>
              <![CDATA[Sheesham Wood Full Length Mirror In Brown Colour]]>
            </line>
            <line>
              <![CDATA[Silver Plastic Mughal Rectangle Shaped Mirror]]>
            </line>
            <line>
              <![CDATA[Simple Round Mirror Frameless (24inch Dia)]]>
            </line>
            <line>
              <![CDATA[Solid Wood Full Length Mirror In Brown Colour]]>
            </line>
            <line>
              <![CDATA[Synthetic Wood Full Length Mirror In Blue Colour]]>
            </line>
            <line>
              <![CDATA[Synthetic Wood Rectangle Wall Mirror In Brown Colour]]>
            </line>
            <line>
              <![CDATA[Synthetic Wood Rectangle Wall Mirror In White Colour]]>
            </line>
            <line>
              <![CDATA[Synthetic Wood Round Wall Mirror In Brown Colour]]>
            </line>
            <line>
              <![CDATA[Synthetic Wood Round Wall Mirror In Silver Colour]]>
            </line>
            <line>
              <![CDATA[Wooden Round Wall Mirror In Red Colour]]>
            </line>
          </reporter-output>
        </test-method> <!-- sortInAscendingOrder -->
        <test-method signature="sortInDescendingOrder()[pri:0, instance:_PepperFry.PepperFry.SortElements@1700915]" started-at="2021-09-26T22:06:04 CDT" name="sortInDescendingOrder" finished-at="2021-09-26T22:06:04 CDT" duration-ms="3" status="PASS">
          <reporter-output>
            <line>
              <![CDATA[Wooden Round Wall Mirror In Red Colour]]>
            </line>
            <line>
              <![CDATA[Synthetic Wood Round Wall Mirror In Silver Colour]]>
            </line>
            <line>
              <![CDATA[Synthetic Wood Round Wall Mirror In Brown Colour]]>
            </line>
            <line>
              <![CDATA[Synthetic Wood Rectangle Wall Mirror In White Colour]]>
            </line>
            <line>
              <![CDATA[Synthetic Wood Rectangle Wall Mirror In Brown Colour]]>
            </line>
            <line>
              <![CDATA[Synthetic Wood Full Length Mirror In Blue Colour]]>
            </line>
            <line>
              <![CDATA[Solid Wood Full Length Mirror In Brown Colour]]>
            </line>
            <line>
              <![CDATA[Simple Round Mirror Frameless (24inch Dia)]]>
            </line>
            <line>
              <![CDATA[Silver Plastic Mughal Rectangle Shaped Mirror]]>
            </line>
            <line>
              <![CDATA[Sheesham Wood Full Length Mirror In Brown Colour]]>
            </line>
            <line>
              <![CDATA[Sheesham Wood Full Length Mirror In Brown Colour]]>
            </line>
            <line>
              <![CDATA[Set Of 3 Square Shape Mirror In Brown Colour]]>
            </line>
            <line>
              <![CDATA[Set Of 3 Square Shape Mirror In Brown Colour]]>
            </line>
            <line>
              <![CDATA[Round Led Mirror With White Light In Silver Colour (24x24)]]>
            </line>
            <line>
              <![CDATA[Round Bevelled Mirror Frameless (24inch Dia)]]>
            </line>
            <line>
              <![CDATA[Rectangle Full Length Mirror ( 60 X 18 ) In Brown Colour]]>
            </line>
            <line>
              <![CDATA[Rectangle Full Length Mirror ( 60 X 18 ) In Brown Colour]]>
            </line>
            <line>
              <![CDATA[Rectangle Framed Mirror In Black Colour (24x18)]]>
            </line>
            <line>
              <![CDATA[Metal Round Wall Mirror In Multi Colour]]>
            </line>
            <line>
              <![CDATA[Metal Antique Round Wall Mirror In Yellow]]>
            </line>
            <line>
              <![CDATA[Marble Wall Mirror In Red Colour]]>
            </line>
            <line>
              <![CDATA[Marble Finish Decorative Mirror In White Colour]]>
            </line>
            <line>
              <![CDATA[Marble Finish Decorative Mirror In Beige Colour]]>
            </line>
            <line>
              <![CDATA[Mango Wood Round Wall Mirror In White Colour]]>
            </line>
            <line>
              <![CDATA[Mango Wood Rectangle Wall Mirror In Olive Green]]>
            </line>
            <line>
              <![CDATA[Mango Wood Rectangle Wall Mirror In Brown Colour]]>
            </line>
            <line>
              <![CDATA[MDF Wall Mirror In Brown ByTimberly]]>
            </line>
            <line>
              <![CDATA[MDF Rectangle Wall Mirror In Transparent Colour]]>
            </line>
            <line>
              <![CDATA[Glass Round Wall Mirror In Transparent Colour]]>
            </line>
            <line>
              <![CDATA[Glass Rectangle Wall Mirror In Transparent Colour]]>
            </line>
            <line>
              <![CDATA[Glass Oval Wall Mirror In Transparent Colour]]>
            </line>
            <line>
              <![CDATA[Glass Oval Wall Mirror In Silver Colour]]>
            </line>
            <line>
              <![CDATA[Glass Oval Wall Mirror In Silver Colour]]>
            </line>
            <line>
              <![CDATA[Glass Full Length Mirror In Transparent Colour]]>
            </line>
            <line>
              <![CDATA[Glass Full Length Mirror In Transparent Colour]]>
            </line>
            <line>
              <![CDATA[Garnet Dresser In Wenge Colour]]>
            </line>
            <line>
              <![CDATA[Framed Full Length Mirror In Black Colour]]>
            </line>
            <line>
              <![CDATA[Engineered Wood Round Wall Mirror In Silver Colour]]>
            </line>
            <line>
              <![CDATA[Engineered Wood Round Wall Mirror In Orange Colour]]>
            </line>
            <line>
              <![CDATA[Engineered Wood Round Wall Mirror In Brown Colour]]>
            </line>
            <line>
              <![CDATA[Engineered Wood Oval Wall Mirror In Gold Colour]]>
            </line>
            <line>
              <![CDATA[Engineered Wood Oval Wall Mirror In Brown Colour]]>
            </line>
            <line>
              <![CDATA[Engineered Wood Full Length Mirror In Blue Colour]]>
            </line>
            <line>
              <![CDATA[Engineeered Wood Rectangle Wall Mirror In Blue Colour]]>
            </line>
            <line>
              <![CDATA[Brown Synthetic Wood Spain Rectangle Shaped Mirror]]>
            </line>
            <line>
              <![CDATA[Avian Solid Wood Dresser With Mirror In Provincial Teak Finish]]>
            </line>
            <line>
              <![CDATA[Abtract Wall Mirror In Golden Colour]]>
            </line>
          </reporter-output>
        </test-method> <!-- sortInDescendingOrder -->
      </class> <!-- _PepperFry.PepperFry.SortElements -->
    </test> <!-- Test -->
  </suite> <!-- Suite -->
</testng-results>
